[debug] [2019-08-30T16:07:34.117Z] ----------------------------------------------------------------------
[debug] [2019-08-30T16:07:34.120Z] Command:       /usr/local/bin/node /usr/local/bin/firebase serve --only hosting
[debug] [2019-08-30T16:07:34.120Z] CLI Version:   7.2.4
[debug] [2019-08-30T16:07:34.120Z] Platform:      darwin
[debug] [2019-08-30T16:07:34.120Z] Node Version:  v11.2.0
[debug] [2019-08-30T16:07:34.122Z] Time:          Fri Aug 30 2019 18:07:34 GMT+0200 (GMT+02:00)
[debug] [2019-08-30T16:07:34.122Z] ----------------------------------------------------------------------
[debug] 
[debug] [2019-08-30T16:07:34.136Z] > command requires scopes: ["email","openid","https://www.googleapis.com/auth/cloudplatformprojects.readonly","https://www.googleapis.com/auth/firebase","https://www.googleapis.com/auth/cloud-platform"]
[debug] [2019-08-30T16:07:34.136Z] > authorizing via signed-in user
[debug] [2019-08-30T16:07:34.136Z] [iam] checking project pablobellver-com for permissions ["firebase.projects.get"]
[debug] [2019-08-30T16:07:34.138Z] > refreshing access token with scopes: ["email","https://www.googleapis.com/auth/cloud-platform","https://www.googleapis.com/auth/cloudplatformprojects.readonly","https://www.googleapis.com/auth/firebase","openid"]
[debug] [2019-08-30T16:07:34.138Z] >>> HTTP REQUEST POST https://www.googleapis.com/oauth2/v3/token  
 <request body omitted>
[debug] [2019-08-30T16:07:34.324Z] <<< HTTP RESPONSE 200
[debug] [2019-08-30T16:07:34.336Z] >>> HTTP REQUEST POST https://cloudresourcemanager.googleapis.com/v1/projects/pablobellver-com:testIamPermissions  

[debug] [2019-08-30T16:07:35.271Z] <<< HTTP RESPONSE 200
[debug] [2019-08-30T16:07:35.272Z] >>> HTTP REQUEST GET https://firebase.googleapis.com/v1beta1/projects/pablobellver-com  
 
[debug] [2019-08-30T16:07:35.568Z] <<< HTTP RESPONSE 200
[debug] [2019-08-30T16:07:35.570Z] >>> HTTP REQUEST GET https://firebase.googleapis.com/v1beta1/projects/pablobellver-com/webApps/-/config  
 
[debug] [2019-08-30T16:07:35.835Z] <<< HTTP RESPONSE 200
[info] i  hosting: Serving hosting files from: public
[info] ✔  hosting: Local server: http://localhost:5000
